%!Adobe-FontList 1.13
%Locale:0x409

%BeginFont
Handler:DirectoryHandler
FontType:Type1
FontName:AJensonPro-BoldItCapt
FamilyName:Adobe Jenson Pro
StyleName:Bold Italic Caption
FullName:Adobe Jenson Pro Bold Italic Caption
MenuName:Adobe Jenson Pro Capt
StyleBits:3
WritingScript:Roman
OutlineFileName:D:\Pamphlets\pamphlet_svn\16.burqaniqab\Document fonts\AJensonPro-BoldItCapt.otf
DataFormat:sfntData
UsesStandardEncoding:yes
isCFF:yes
FileLength:159940
FileModTime:978271200
WeightClass:700
WidthClass:5
AngleClass:1
DesignSize:80
%EndFont

%BeginFont
Handler:DirectoryHandler
FontType:Type1
FontName:AJensonPro-BoldItDisp
FamilyName:Adobe Jenson Pro
StyleName:Bold Italic Display
FullName:Adobe Jenson Pro Bold Italic Display
MenuName:Adobe Jenson Pro Disp
StyleBits:3
WritingScript:Roman
OutlineFileName:D:\Pamphlets\pamphlet_svn\16.burqaniqab\Document fonts\AJensonPro-BoldItDisp.otf
DataFormat:sfntData
UsesStandardEncoding:yes
isCFF:yes
FileLength:154976
FileModTime:978271200
WeightClass:700
WidthClass:5
AngleClass:1
DesignSize:720
%EndFont

%BeginFont
Handler:DirectoryHandler
FontType:Type1
FontName:AJensonPro-BoldItSubh
FamilyName:Adobe Jenson Pro
StyleName:Bold Italic Subhead
FullName:Adobe Jenson Pro Bold Italic Subhead
MenuName:Adobe Jenson Pro Subh
StyleBits:3
WritingScript:Roman
OutlineFileName:D:\Pamphlets\pamphlet_svn\16.burqaniqab\Document fonts\AJensonPro-BoldItSubh.otf
DataFormat:sfntData
UsesStandardEncoding:yes
isCFF:yes
FileLength:158284
FileModTime:978271200
WeightClass:700
WidthClass:5
AngleClass:1
DesignSize:190
%EndFont

%BeginFont
Handler:DirectoryHandler
FontType:Type1
FontName:AJensonPro-It
FamilyName:Adobe Jenson Pro
StyleName:Italic
FullName:Adobe Jenson Pro Italic
MenuName:Adobe Jenson Pro
StyleBits:1
WritingScript:Roman
OutlineFileName:D:\Pamphlets\pamphlet_svn\16.burqaniqab\Document fonts\AJensonPro-It.otf
DataFormat:sfntData
UsesStandardEncoding:yes
isCFF:yes
FileLength:158744
FileModTime:978271200
WeightClass:400
WidthClass:5
AngleClass:1
DesignSize:120
%EndFont

%BeginFont
Handler:DirectoryHandler
FontType:Type1
FontName:HelveticaNeue-Bold
FamilyName:Helvetica Neue
StyleName:75 Bold
FullName:Helvetica 75 Bold
MenuName:Helvetica 55
StyleBits:2
WritingScript:Roman
OutlineFileName:D:\Pamphlets\pamphlet_svn\16.burqaniqab\Document fonts\HLB____.PFB
DataFormat:Plain
UsesStandardEncoding:yes
isCFF:no
FileLength:28216
FileModTime:641484000
WeightClass:700
WidthClass:5
AngleClass:0
DesignSize:-1
%EndFont

%BeginFont
Handler:DirectoryHandler
FontType:PFM
FontName:HelveticaNeue-Bold
NumMMAxes:0
OutlineFileName:D:\Pamphlets\pamphlet_svn\16.burqaniqab\Document fonts\HLB____.PFM
FileLength:1080
FileModTime:729955312
%EndFont

%BeginFont
Handler:DirectoryHandler
FontType:Type1
FontName:HelveticaNeue-Heavy
FamilyName:Helvetica Neue
StyleName:85 Heavy
FullName:Helvetica 85 Heavy
MenuName:Helvetica 65
StyleBits:2
WritingScript:Roman
OutlineFileName:D:\Pamphlets\pamphlet_svn\16.burqaniqab\Document fonts\HLH____.PFB
DataFormat:Plain
UsesStandardEncoding:yes
isCFF:no
FileLength:29085
FileModTime:641484000
WeightClass:850
WidthClass:5
AngleClass:0
DesignSize:-1
%EndFont

%BeginFont
Handler:DirectoryHandler
FontType:PFM
FontName:HelveticaNeue-Heavy
NumMMAxes:0
OutlineFileName:D:\Pamphlets\pamphlet_svn\16.burqaniqab\Document fonts\HLH____.PFM
FileLength:1093
FileModTime:729957034
%EndFont

%BeginFont
Handler:DirectoryHandler
FontType:Type1
FontName:HelveticaNeue-LightItalic
FamilyName:Helvetica Neue
StyleName:46 Light Italic
FullName:Helvetica 46 Light Italic
MenuName:Helvetica 45
StyleBits:1
WritingScript:Roman
OutlineFileName:D:\Pamphlets\pamphlet_svn\16.burqaniqab\Document fonts\HLLI___.PFB
DataFormat:Plain
UsesStandardEncoding:yes
isCFF:no
FileLength:28374
FileModTime:641484000
WeightClass:300
WidthClass:5
AngleClass:1
DesignSize:-1
%EndFont

%BeginFont
Handler:DirectoryHandler
FontType:PFM
FontName:HelveticaNeue-LightItalic
NumMMAxes:0
OutlineFileName:D:\Pamphlets\pamphlet_svn\16.burqaniqab\Document fonts\HLLI___.PFM
FileLength:1059
FileModTime:729957032
%EndFont

%BeginFont
Handler:DirectoryHandler
FontType:Type1
FontName:HelveticaNeue-Light
FamilyName:Helvetica Neue
StyleName:45 Light
FullName:Helvetica 45 Light
MenuName:Helvetica 45
StyleBits:0
WritingScript:Roman
OutlineFileName:D:\Pamphlets\pamphlet_svn\16.burqaniqab\Document fonts\HLL____.PFB
DataFormat:Plain
UsesStandardEncoding:yes
isCFF:no
FileLength:27999
FileModTime:641484000
WeightClass:300
WidthClass:5
AngleClass:0
DesignSize:-1
%EndFont

%BeginFont
Handler:DirectoryHandler
FontType:PFM
FontName:HelveticaNeue-Light
NumMMAxes:0
OutlineFileName:D:\Pamphlets\pamphlet_svn\16.burqaniqab\Document fonts\HLL____.PFM
FileLength:1093
FileModTime:729957030
%EndFont

%BeginFont
Handler:DirectoryHandler
FontType:Type1
FontName:HelveticaNeue-Roman
FamilyName:Helvetica Neue
StyleName:55 Roman
FullName:Helvetica 55 Roman
MenuName:Helvetica 55
StyleBits:0
WritingScript:Roman
OutlineFileName:D:\Pamphlets\pamphlet_svn\16.burqaniqab\Document fonts\HLR____.PFB
DataFormat:Plain
UsesStandardEncoding:yes
isCFF:no
FileLength:27176
FileModTime:641484000
WeightClass:400
WidthClass:5
AngleClass:0
DesignSize:-1
%EndFont

%BeginFont
Handler:DirectoryHandler
FontType:PFM
FontName:HelveticaNeue-Roman
NumMMAxes:0
OutlineFileName:D:\Pamphlets\pamphlet_svn\16.burqaniqab\Document fonts\HLR____.PFM
FileLength:1085
FileModTime:729955310
%EndFont

%BeginFont
Handler:DirectoryHandler
FontType:Type1
FontName:HelveticaNeue-Thin
FamilyName:Helvetica Neue
StyleName:35 Thin
FullName:Helvetica 35 Thin
MenuName:Helvetica 35
StyleBits:0
WritingScript:Roman
OutlineFileName:D:\Pamphlets\pamphlet_svn\16.burqaniqab\Document fonts\HLT____.PFB
DataFormat:Plain
UsesStandardEncoding:yes
isCFF:no
FileLength:29157
FileModTime:641484000
WeightClass:200
WidthClass:5
AngleClass:0
DesignSize:-1
%EndFont

%BeginFont
Handler:DirectoryHandler
FontType:PFM
FontName:HelveticaNeue-Thin
NumMMAxes:0
OutlineFileName:D:\Pamphlets\pamphlet_svn\16.burqaniqab\Document fonts\HLT____.PFM
FileLength:1036
FileModTime:729955308
%EndFont

%BeginFont
Handler:DirectoryHandler
FontType:TrueType
FontName:Humanist521BT-Roman
FamilyName:Humanst521 BT
StyleName:Roman
FullName:Humanist 521 BT
MenuName:Humanst521 BT
StyleBits:0
WritingScript:Roman
OutlineFileName:D:\Pamphlets\pamphlet_svn\16.burqaniqab\Document fonts\hum521n (2).TTF
DataFormat:sfntData
FileLength:38124
FileModTime:840399960
WeightClass:400
WidthClass:5
AngleClass:0
%EndFont

%BeginFont
Handler:DirectoryHandler
FontType:TrueType
FontName:Pristina-Regular
FamilyName:Pristina
StyleName:Regular
FullName:Pristina
MenuName:Pristina
StyleBits:0
WritingScript:Roman
OutlineFileName:D:\Pamphlets\pamphlet_svn\16.burqaniqab\Document fonts\PRISTINA.TTF
DataFormat:sfntData
FileLength:82680
FileModTime:939938164
WeightClass:400
WidthClass:5
AngleClass:0
%EndFont

